
2024-05-01 20:02:33 com.SDC.util.FileReaderUtil.parseLineToPointArray() 42: Invalid number format in line: a.b;0.0;0.0;1.0;0.0;0.0;0.0;1.0;0.0;0.0;0.0;1.0: java.lang.NumberFormatException: For input string: "a.b"
	at java.base/jdk.internal.math.FloatingDecimal.readJavaFormatString(FloatingDecimal.java:2054)
	at java.base/jdk.internal.math.FloatingDecimal.parseDouble(FloatingDecimal.java:110)
	at java.base/java.lang.Double.parseDouble(Double.java:792)
	at com.SDC.util.FileReaderUtil.parseLineToPointArray(FileReaderUtil.java:33)
	at java.base/java.util.stream.ReferencePipeline$3$1.accept(ReferencePipeline.java:197)
	at java.base/java.nio.file.FileChannelLinesSpliterator.forEachRemaining(FileChannelLinesSpliterator.java:130)
	at java.base/java.util.stream.AbstractPipeline.copyInto(AbstractPipeline.java:509)
	at java.base/java.util.stream.AbstractPipeline.wrapAndCopyInto(AbstractPipeline.java:499)
	at java.base/java.util.stream.ReduceOps$ReduceOp.evaluateSequential(ReduceOps.java:921)
	at java.base/java.util.stream.AbstractPipeline.evaluate(AbstractPipeline.java:234)
	at java.base/java.util.stream.ReferencePipeline.collect(ReferencePipeline.java:682)
	at com.SDC.util.FileReaderUtil.readPointsFromFile(FileReaderUtil.java:20)
	at com.SDC.Main.main(Main.java:16)
2024-05-01 20:02:33 com.SDC.factory.ShapeFactory.createTetrahedron() 11: Invalid points for forming a tetrahedron.
2024-05-01 20:02:33 com.SDC.Main.main() 28: Failed to create Tetrahedron: Invalid points for forming a tetrahedron.: com.SDC.exception.ShapeException: Invalid points for forming a tetrahedron.
	at com.SDC.factory.ShapeFactory.createTetrahedron(ShapeFactory.java:12)
	at com.SDC.Main.main(Main.java:23)
2024-05-01 20:02:33 com.SDC.factory.ShapeFactory.createTetrahedron() 11: Invalid points for forming a tetrahedron.
2024-05-01 20:02:33 com.SDC.Main.main() 28: Failed to create Tetrahedron: Invalid points for forming a tetrahedron.: com.SDC.exception.ShapeException: Invalid points for forming a tetrahedron.
	at com.SDC.factory.ShapeFactory.createTetrahedron(ShapeFactory.java:12)
	at com.SDC.Main.main(Main.java:23)
2024-05-01 20:02:33 com.SDC.factory.ShapeFactory.createTetrahedron() 11: Invalid points for forming a tetrahedron.
2024-05-01 20:02:33 com.SDC.Main.main() 28: Failed to create Tetrahedron: Invalid points for forming a tetrahedron.: com.SDC.exception.ShapeException: Invalid points for forming a tetrahedron.
	at com.SDC.factory.ShapeFactory.createTetrahedron(ShapeFactory.java:12)
	at com.SDC.Main.main(Main.java:23)
2024-05-01 20:06:55 com.SDC.util.FileReaderUtil.parseLineToPointArray() 42: Invalid number format in line: a.b;0.0;0.0;1.0;0.0;0.0;0.0;1.0;0.0;0.0;0.0;1.0: java.lang.NumberFormatException: For input string: "a.b"
	at java.base/jdk.internal.math.FloatingDecimal.readJavaFormatString(FloatingDecimal.java:2054)
	at java.base/jdk.internal.math.FloatingDecimal.parseDouble(FloatingDecimal.java:110)
	at java.base/java.lang.Double.parseDouble(Double.java:792)
	at com.SDC.util.FileReaderUtil.parseLineToPointArray(FileReaderUtil.java:33)
	at java.base/java.util.stream.ReferencePipeline$3$1.accept(ReferencePipeline.java:197)
	at java.base/java.nio.file.FileChannelLinesSpliterator.forEachRemaining(FileChannelLinesSpliterator.java:130)
	at java.base/java.util.stream.AbstractPipeline.copyInto(AbstractPipeline.java:509)
	at java.base/java.util.stream.AbstractPipeline.wrapAndCopyInto(AbstractPipeline.java:499)
	at java.base/java.util.stream.ReduceOps$ReduceOp.evaluateSequential(ReduceOps.java:921)
	at java.base/java.util.stream.AbstractPipeline.evaluate(AbstractPipeline.java:234)
	at java.base/java.util.stream.ReferencePipeline.collect(ReferencePipeline.java:682)
	at com.SDC.util.FileReaderUtil.readPointsFromFile(FileReaderUtil.java:20)
	at com.SDC.Main.main(Main.java:16)
2024-05-01 20:06:55 com.SDC.factory.ShapeFactory.createTetrahedron() 11: Invalid points for forming a tetrahedron.
2024-05-01 20:06:55 com.SDC.Main.main() 28: Failed to create Tetrahedron: Invalid points for forming a tetrahedron.: com.SDC.exception.ShapeException: Invalid points for forming a tetrahedron.
	at com.SDC.factory.ShapeFactory.createTetrahedron(ShapeFactory.java:12)
	at com.SDC.Main.main(Main.java:23)
2024-05-01 20:06:55 com.SDC.factory.ShapeFactory.createTetrahedron() 11: Invalid points for forming a tetrahedron.
2024-05-01 20:06:55 com.SDC.Main.main() 28: Failed to create Tetrahedron: Invalid points for forming a tetrahedron.: com.SDC.exception.ShapeException: Invalid points for forming a tetrahedron.
	at com.SDC.factory.ShapeFactory.createTetrahedron(ShapeFactory.java:12)
	at com.SDC.Main.main(Main.java:23)
2024-05-01 20:06:55 com.SDC.factory.ShapeFactory.createTetrahedron() 11: Invalid points for forming a tetrahedron.
2024-05-01 20:06:55 com.SDC.Main.main() 28: Failed to create Tetrahedron: Invalid points for forming a tetrahedron.: com.SDC.exception.ShapeException: Invalid points for forming a tetrahedron.
	at com.SDC.factory.ShapeFactory.createTetrahedron(ShapeFactory.java:12)
	at com.SDC.Main.main(Main.java:23)
2024-05-01 20:10:23 com.SDC.util.FileReaderUtil.parseLineToPointArray() 42: Invalid number format in line: a.b;0.0;0.0;1.0;0.0;0.0;0.0;1.0;0.0;0.0;0.0;1.0: java.lang.NumberFormatException: For input string: "a.b"
	at java.base/jdk.internal.math.FloatingDecimal.readJavaFormatString(FloatingDecimal.java:2054)
	at java.base/jdk.internal.math.FloatingDecimal.parseDouble(FloatingDecimal.java:110)
	at java.base/java.lang.Double.parseDouble(Double.java:792)
	at com.SDC.util.FileReaderUtil.parseLineToPointArray(FileReaderUtil.java:33)
	at java.base/java.util.stream.ReferencePipeline$3$1.accept(ReferencePipeline.java:197)
	at java.base/java.nio.file.FileChannelLinesSpliterator.forEachRemaining(FileChannelLinesSpliterator.java:130)
	at java.base/java.util.stream.AbstractPipeline.copyInto(AbstractPipeline.java:509)
	at java.base/java.util.stream.AbstractPipeline.wrapAndCopyInto(AbstractPipeline.java:499)
	at java.base/java.util.stream.ReduceOps$ReduceOp.evaluateSequential(ReduceOps.java:921)
	at java.base/java.util.stream.AbstractPipeline.evaluate(AbstractPipeline.java:234)
	at java.base/java.util.stream.ReferencePipeline.collect(ReferencePipeline.java:682)
	at com.SDC.util.FileReaderUtil.readPointsFromFile(FileReaderUtil.java:20)
	at com.SDC.Main.main(Main.java:16)
2024-05-01 20:10:23 com.SDC.factory.ShapeFactory.createTetrahedron() 11: Invalid points for forming a tetrahedron.
2024-05-01 20:10:23 com.SDC.Main.main() 28: Failed to create Tetrahedron: Invalid points for forming a tetrahedron.: com.SDC.exception.ShapeException: Invalid points for forming a tetrahedron.
	at com.SDC.factory.ShapeFactory.createTetrahedron(ShapeFactory.java:12)
	at com.SDC.Main.main(Main.java:23)
2024-05-01 20:10:23 com.SDC.factory.ShapeFactory.createTetrahedron() 11: Invalid points for forming a tetrahedron.
2024-05-01 20:10:23 com.SDC.Main.main() 28: Failed to create Tetrahedron: Invalid points for forming a tetrahedron.: com.SDC.exception.ShapeException: Invalid points for forming a tetrahedron.
	at com.SDC.factory.ShapeFactory.createTetrahedron(ShapeFactory.java:12)
	at com.SDC.Main.main(Main.java:23)
2024-05-01 20:10:23 com.SDC.factory.ShapeFactory.createTetrahedron() 11: Invalid points for forming a tetrahedron.
2024-05-01 20:10:23 com.SDC.Main.main() 28: Failed to create Tetrahedron: Invalid points for forming a tetrahedron.: com.SDC.exception.ShapeException: Invalid points for forming a tetrahedron.
	at com.SDC.factory.ShapeFactory.createTetrahedron(ShapeFactory.java:12)
	at com.SDC.Main.main(Main.java:23)
2024-05-01 20:10:35 com.SDC.util.FileReaderUtil.parseLineToPointArray() 42: Invalid number format in line: a.b;0.0;0.0;1.0;0.0;0.0;0.0;1.0;0.0;0.0;0.0;1.0: java.lang.NumberFormatException: For input string: "a.b"
	at java.base/jdk.internal.math.FloatingDecimal.readJavaFormatString(FloatingDecimal.java:2054)
	at java.base/jdk.internal.math.FloatingDecimal.parseDouble(FloatingDecimal.java:110)
	at java.base/java.lang.Double.parseDouble(Double.java:792)
	at com.SDC.util.FileReaderUtil.parseLineToPointArray(FileReaderUtil.java:33)
	at java.base/java.util.stream.ReferencePipeline$3$1.accept(ReferencePipeline.java:197)
	at java.base/java.nio.file.FileChannelLinesSpliterator.forEachRemaining(FileChannelLinesSpliterator.java:130)
	at java.base/java.util.stream.AbstractPipeline.copyInto(AbstractPipeline.java:509)
	at java.base/java.util.stream.AbstractPipeline.wrapAndCopyInto(AbstractPipeline.java:499)
	at java.base/java.util.stream.ReduceOps$ReduceOp.evaluateSequential(ReduceOps.java:921)
	at java.base/java.util.stream.AbstractPipeline.evaluate(AbstractPipeline.java:234)
	at java.base/java.util.stream.ReferencePipeline.collect(ReferencePipeline.java:682)
	at com.SDC.util.FileReaderUtil.readPointsFromFile(FileReaderUtil.java:20)
	at com.SDC.Main.main(Main.java:16)
2024-05-01 20:10:35 com.SDC.factory.ShapeFactory.createTetrahedron() 11: Invalid points for forming a tetrahedron.
2024-05-01 20:10:35 com.SDC.Main.main() 28: Failed to create Tetrahedron: Invalid points for forming a tetrahedron.: com.SDC.exception.ShapeException: Invalid points for forming a tetrahedron.
	at com.SDC.factory.ShapeFactory.createTetrahedron(ShapeFactory.java:12)
	at com.SDC.Main.main(Main.java:23)
2024-05-01 20:10:35 com.SDC.factory.ShapeFactory.createTetrahedron() 11: Invalid points for forming a tetrahedron.
2024-05-01 20:10:35 com.SDC.Main.main() 28: Failed to create Tetrahedron: Invalid points for forming a tetrahedron.: com.SDC.exception.ShapeException: Invalid points for forming a tetrahedron.
	at com.SDC.factory.ShapeFactory.createTetrahedron(ShapeFactory.java:12)
	at com.SDC.Main.main(Main.java:23)
2024-05-01 20:10:35 com.SDC.factory.ShapeFactory.createTetrahedron() 11: Invalid points for forming a tetrahedron.
2024-05-01 20:10:35 com.SDC.Main.main() 28: Failed to create Tetrahedron: Invalid points for forming a tetrahedron.: com.SDC.exception.ShapeException: Invalid points for forming a tetrahedron.
	at com.SDC.factory.ShapeFactory.createTetrahedron(ShapeFactory.java:12)
	at com.SDC.Main.main(Main.java:23)
